<?xml version="1.0" encoding="UTF-8"?>
<testng-results skipped="0" failed="0" ignored="0" total="1" passed="1">
  <reporter-output>
  </reporter-output>
  <suite name="Default suite" duration-ms="5101" started-at="2019-05-23T02:43:00Z" finished-at="2019-05-23T02:43:05Z">
    <groups>
    </groups>
    <test name="Default test" duration-ms="5101" started-at="2019-05-23T02:43:00Z" finished-at="2019-05-23T02:43:05Z">
      <class name="rest.basic.testing.ParsingJson">
        <test-method status="PASS" signature="ValidateResp()[pri:0, instance:rest.basic.testing.ParsingJson@f6c48ac]" name="ValidateResp" duration-ms="5023" started-at="2019-05-23T02:43:00Z" finished-at="2019-05-23T02:43:05Z">
          <reporter-output>
          </reporter-output>
        </test-method> <!-- ValidateResp -->
      </class> <!-- rest.basic.testing.ParsingJson -->
    </test> <!-- Default test -->
  </suite> <!-- Default suite -->
</testng-results>
