<?xml version="1.0" encoding="UTF-8"?>
<testng-results skipped="0" failed="0" ignored="0" total="1" passed="1">
  <reporter-output>
  </reporter-output>
  <suite name="Default suite" duration-ms="6131" started-at="2019-05-20T22:11:47Z" finished-at="2019-05-20T22:11:53Z">
    <groups>
    </groups>
    <test name="Default test" duration-ms="6131" started-at="2019-05-20T22:11:47Z" finished-at="2019-05-20T22:11:53Z">
      <class name="rest.basic.testing.PostRequest">
        <test-method status="PASS" signature="ValidatePostResp()[pri:0, instance:rest.basic.testing.PostRequest@f6c48ac]" name="ValidatePostResp" duration-ms="6055" started-at="2019-05-20T22:11:47Z" finished-at="2019-05-20T22:11:53Z">
          <reporter-output>
          </reporter-output>
        </test-method> <!-- ValidatePostResp -->
      </class> <!-- rest.basic.testing.PostRequest -->
    </test> <!-- Default test -->
  </suite> <!-- Default suite -->
</testng-results>
